[13-Aug-2015 23:25:50 UTC] PHP Fatal error:  Class 'Slim' not found in /home/ubuntu/workspace/app/start.php on line 12
[13-Aug-2015 23:25:50 UTC] PHP Stack trace:
[13-Aug-2015 23:25:50 UTC] PHP   1. {main}() /home/ubuntu/workspace/public/index.php:0
[13-Aug-2015 23:25:50 UTC] PHP   2. require() /home/ubuntu/workspace/public/index.php:3
[13-Aug-2015 23:41:49 UTC] PHP Warning:  require(/home/ubuntu/workspace../secrets/secrets.php): failed to open stream: No such file or directory in /home/ubuntu/workspace/app/start.php on line 13
[13-Aug-2015 23:41:49 UTC] PHP Stack trace:
[13-Aug-2015 23:41:49 UTC] PHP   1. {main}() /home/ubuntu/workspace/public/index.php:0
[13-Aug-2015 23:41:49 UTC] PHP   2. require() /home/ubuntu/workspace/public/index.php:3
[13-Aug-2015 23:41:49 UTC] PHP Fatal error:  require(): Failed opening required '/home/ubuntu/workspace../secrets/secrets.php' (include_path='.:/usr/share/php:/usr/share/pear') in /home/ubuntu/workspace/app/start.php on line 13
[13-Aug-2015 23:41:49 UTC] PHP Stack trace:
[13-Aug-2015 23:41:49 UTC] PHP   1. {main}() /home/ubuntu/workspace/public/index.php:0
[13-Aug-2015 23:41:49 UTC] PHP   2. require() /home/ubuntu/workspace/public/index.php:3
[13-Aug-2015 23:50:58 UTC] PHP Fatal error:  Uncaught exception 'Noodlehaus\Exception\FileNotFoundException' with message 'Configuration file: [/home/ubuntu/workspace/app/config/{$app->mode}.php] cannot be found' in /home/ubuntu/workspace/vendor/hassankhan/config/src/Config.php:153
Stack trace:
#0 /home/ubuntu/workspace/vendor/hassankhan/config/src/Config.php(54): Noodlehaus\Config->getValidPath('/home/ubuntu/wo...')
#1 /home/ubuntu/workspace/vendor/hassankhan/config/src/Config.php(42): Noodlehaus\Config->__construct('/home/ubuntu/wo...')
#2 /home/ubuntu/workspace/app/start.php(21): Noodlehaus\Config::load('/home/ubuntu/wo...')
#3 [internal function]: {closure}()
#4 /home/ubuntu/workspace/vendor/slim/slim/Slim/Slim.php(388): call_user_func(Object(Closure))
#5 /home/ubuntu/workspace/app/start.php(22): Slim\Slim->configureMode('development', Object(Closure))
#6 /home/ubuntu/workspace/public/index.php(3): require('/home/ubuntu/wo...')
#7 {main}
  thrown in /home/ubuntu/workspace/vendor/hassankhan/config/src/Config.php on line 153
[17-Aug-2015 23:20:29 UTC] PHP Fatal error:  Class 'Capusle' not found in /home/ubuntu/workspace/app/database.php on line 5
[17-Aug-2015 23:20:29 UTC] PHP Stack trace:
[17-Aug-2015 23:20:29 UTC] PHP   1. {main}() /home/ubuntu/workspace/public/index.php:0
[17-Aug-2015 23:20:29 UTC] PHP   2. require() /home/ubuntu/workspace/public/index.php:3
[17-Aug-2015 23:20:29 UTC] PHP   3. require() /home/ubuntu/workspace/app/start.php:26
[17-Aug-2015 23:20:31 UTC] PHP Fatal error:  Class 'Capusle' not found in /home/ubuntu/workspace/app/database.php on line 5
[17-Aug-2015 23:20:31 UTC] PHP Stack trace:
[17-Aug-2015 23:20:31 UTC] PHP   1. {main}() /home/ubuntu/workspace/public/index.php:0
[17-Aug-2015 23:20:31 UTC] PHP   2. require() /home/ubuntu/workspace/public/index.php:3
[17-Aug-2015 23:20:31 UTC] PHP   3. require() /home/ubuntu/workspace/app/start.php:26
[18-Aug-2015 15:09:21 UTC] PHP Warning:  require(INC_ROOT/app/routes/home.php): failed to open stream: No such file or directory in /home/ubuntu/workspace/app/routes.php on line 3
[18-Aug-2015 15:09:21 UTC] PHP Stack trace:
[18-Aug-2015 15:09:21 UTC] PHP   1. {main}() /home/ubuntu/workspace/public/index.php:0
[18-Aug-2015 15:09:21 UTC] PHP   2. require() /home/ubuntu/workspace/public/index.php:3
[18-Aug-2015 15:09:21 UTC] PHP   3. require() /home/ubuntu/workspace/app/start.php:32
[18-Aug-2015 15:09:21 UTC] PHP Fatal error:  require(): Failed opening required 'INC_ROOT/app/routes/home.php' (include_path='.:/usr/share/php:/usr/share/pear') in /home/ubuntu/workspace/app/routes.php on line 3
[18-Aug-2015 15:09:21 UTC] PHP Stack trace:
[18-Aug-2015 15:09:21 UTC] PHP   1. {main}() /home/ubuntu/workspace/public/index.php:0
[18-Aug-2015 15:09:21 UTC] PHP   2. require() /home/ubuntu/workspace/public/index.php:3
[18-Aug-2015 15:09:21 UTC] PHP   3. require() /home/ubuntu/workspace/app/start.php:32
[19-Aug-2015 23:35:14 UTC] PHP Fatal error:  Class 'Titanhomes\Helpers\Hash' not found in /home/ubuntu/workspace/app/start.php on line 55
[19-Aug-2015 23:35:14 UTC] PHP Stack trace:
[19-Aug-2015 23:35:14 UTC] PHP   1. {main}() /home/ubuntu/workspace/public/index.php:0
[19-Aug-2015 23:35:14 UTC] PHP   2. require() /home/ubuntu/workspace/public/index.php:3
[19-Aug-2015 23:35:15 UTC] PHP Fatal error:  Class 'Titanhomes\Helpers\Hash' not found in /home/ubuntu/workspace/app/start.php on line 55
[19-Aug-2015 23:35:15 UTC] PHP Stack trace:
[19-Aug-2015 23:35:15 UTC] PHP   1. {main}() /home/ubuntu/workspace/public/index.php:0
[19-Aug-2015 23:35:15 UTC] PHP   2. require() /home/ubuntu/workspace/public/index.php:3
[19-Aug-2015 23:35:50 UTC] PHP Fatal error:  Class 'Titanhomes\Helpers\Hash' not found in /home/ubuntu/workspace/app/start.php on line 40
[19-Aug-2015 23:35:50 UTC] PHP Stack trace:
[19-Aug-2015 23:35:50 UTC] PHP   1. {main}() /home/ubuntu/workspace/public/index.php:0
[19-Aug-2015 23:35:50 UTC] PHP   2. require() /home/ubuntu/workspace/public/index.php:3
[19-Aug-2015 23:35:50 UTC] PHP   3. Slim\Slim->__get() /home/ubuntu/workspace/public/index.php:55
[19-Aug-2015 23:35:50 UTC] PHP   4. Slim\Helper\Set->get() /home/ubuntu/workspace/vendor/slim/slim/Slim/Slim.php:234
[19-Aug-2015 23:35:50 UTC] PHP   5. Slim\Helper\Set->Slim\Helper\{closure}() /home/ubuntu/workspace/vendor/slim/slim/Slim/Helper/Set.php:88
[19-Aug-2015 23:35:50 UTC] PHP   6. {closure:/home/ubuntu/workspace/app/start.php:39-41}() /home/ubuntu/workspace/vendor/slim/slim/Slim/Helper/Set.php:228
[19-Aug-2015 23:49:26 UTC] PHP Parse error:  syntax error, unexpected '}' in /home/ubuntu/workspace/app/routes/auth/register.php on line 5
[19-Aug-2015 23:49:26 UTC] PHP Stack trace:
[19-Aug-2015 23:49:26 UTC] PHP   1. {main}() /home/ubuntu/workspace/public/index.php:0
[19-Aug-2015 23:49:26 UTC] PHP   2. require() /home/ubuntu/workspace/public/index.php:3
[19-Aug-2015 23:49:26 UTC] PHP   3. require() /home/ubuntu/workspace/app/start.php:33
[20-Aug-2015 00:00:56 UTC] PHP Parse error:  syntax error, unexpected '->' (T_OBJECT_OPERATOR) in /home/ubuntu/workspace/app/routes/auth/register.php on line 9
[20-Aug-2015 00:00:56 UTC] PHP Stack trace:
[20-Aug-2015 00:00:56 UTC] PHP   1. {main}() /home/ubuntu/workspace/public/index.php:0
[20-Aug-2015 00:00:56 UTC] PHP   2. require() /home/ubuntu/workspace/public/index.php:3
[20-Aug-2015 00:00:56 UTC] PHP   3. require() /home/ubuntu/workspace/app/start.php:33
